2024-08-02 07:34:51 INFO  TC001_AccountRegistrationTest:15 - ***** Starting TC001_AccountRegistrationTest *****
2024-08-02 07:34:51 INFO  TC001_AccountRegistrationTest:21 - Clicking on MyAccount Link...
2024-08-02 07:34:59 INFO  TC001_AccountRegistrationTest:24 - Clicking on Register Link...
2024-08-02 07:34:59 INFO  TC001_AccountRegistrationTest:36 - Providing customer details...
2024-08-02 07:35:28 INFO  TC001_AccountRegistrationTest:50 - Validation expected message....
2024-08-02 07:35:28 INFO  TC001_AccountRegistrationTest:66 - ***** Finished TC001_AccountRegistrationTest *****
2024-08-02 07:36:16 INFO  TC002_LoginTest:15 - ********* Starting TC002_LoginTest*********
2024-08-02 07:36:18 INFO  TC002_LoginTest:39 - ********* Finished TC002_LoginTest*********
2024-08-02 07:49:29 INFO  TC001_AccountRegistrationTest:15 - ***** Starting TC001_AccountRegistrationTest *****
2024-08-02 07:49:29 INFO  TC001_AccountRegistrationTest:21 - Clicking on MyAccount Link...
2024-08-02 07:49:30 INFO  TC001_AccountRegistrationTest:24 - Clicking on Register Link...
2024-08-02 07:49:30 INFO  TC001_AccountRegistrationTest:36 - Providing customer details...
2024-08-02 07:49:32 INFO  TC001_AccountRegistrationTest:50 - Validation expected message....
2024-08-02 07:49:32 INFO  TC001_AccountRegistrationTest:66 - ***** Finished TC001_AccountRegistrationTest *****
2024-08-02 07:49:38 INFO  TC002_LoginTest:15 - ********* Starting TC002_LoginTest*********
2024-08-02 07:49:40 INFO  TC002_LoginTest:39 - ********* Finished TC002_LoginTest*********
2024-08-02 07:55:04 INFO  TC001_AccountRegistrationTest:15 - ***** Starting TC001_AccountRegistrationTest *****
2024-08-02 07:55:05 INFO  TC001_AccountRegistrationTest:21 - Clicking on MyAccount Link...
2024-08-02 07:55:05 INFO  TC001_AccountRegistrationTest:24 - Clicking on Register Link...
2024-08-02 07:55:05 INFO  TC001_AccountRegistrationTest:36 - Providing customer details...
2024-08-02 07:55:08 INFO  TC001_AccountRegistrationTest:50 - Validation expected message....
2024-08-02 07:55:08 INFO  TC001_AccountRegistrationTest:66 - ***** Finished TC001_AccountRegistrationTest *****
2024-08-02 07:55:14 INFO  TC002_LoginTest:15 - ********* Starting TC002_LoginTest*********
2024-08-02 07:55:16 INFO  TC002_LoginTest:39 - ********* Finished TC002_LoginTest*********
